INFO: 2025/10/15 14:21:59 logger.go:95: 服务已启动
INFO: 2025/10/15 14:21:59 logger.go:95: 签到结果:
　
　
INFO: 2025/10/15 14:21:59 logger.go:95: 开始签到: ikuuu
INFO: 2025/10/15 14:21:59 logger.go:95: ----------IKuuu开始签到----------
INFO: 2025/10/15 14:21:59 logger.go:95: 签到完成: Quark
INFO: 2025/10/15 14:21:59 logger.go:95: ----------IKuuu签到结果：您似乎已经签到过了...----------
INFO: 2025/10/15 14:21:59 logger.go:95: ----------IKuuu结束签到----------
INFO: 2025/10/15 14:21:59 logger.go:95: 签到完成: ikuuu
INFO: 2025/10/15 14:22:18 logger.go:95: 服务已启动
INFO: 2025/10/15 14:22:18 logger.go:95: 签到结果:
　
　
INFO: 2025/10/15 14:22:18 logger.go:95: 开始签到: ikuuu
INFO: 2025/10/15 14:22:18 logger.go:95: 签到完成: Quark
INFO: 2025/10/15 14:22:18 logger.go:95: ----------IKuuu开始签到----------
INFO: 2025/10/15 14:22:20 logger.go:95: ----------IKuuu签到结果：您似乎已经签到过了...----------
INFO: 2025/10/15 14:22:20 logger.go:95: ----------IKuuu结束签到----------
INFO: 2025/10/15 14:22:20 logger.go:95: 签到完成: ikuuu
INFO: 2025/10/15 14:25:02 logger.go:95: 服务已启动
INFO: 2025/10/15 14:25:02 logger.go:95: 签到结果:
　
　
INFO: 2025/10/15 14:25:02 logger.go:95: 开始签到: ikuuu
INFO: 2025/10/15 14:25:02 logger.go:95: 签到完成: Quark
INFO: 2025/10/15 14:25:02 logger.go:95: ----------IKuuu开始签到----------
INFO: 2025/10/15 14:25:10 logger.go:95: ----------IKuuu签到结果：您似乎已经签到过了...----------
INFO: 2025/10/15 14:25:10 logger.go:95: ----------IKuuu结束签到----------
INFO: 2025/10/15 14:25:10 logger.go:95: 签到完成: ikuuu
INFO: 2025/10/15 14:25:50 logger.go:95: 服务已启动
INFO: 2025/10/15 14:25:50 logger.go:95: 签到结果:
　
　
INFO: 2025/10/15 14:25:50 logger.go:95: 签到完成: Quark
INFO: 2025/10/15 14:25:50 logger.go:95: 开始签到: ikuuu
INFO: 2025/10/15 14:25:50 logger.go:95: ----------IKuuu开始签到----------
INFO: 2025/10/15 14:25:51 logger.go:95: ----------IKuuu签到结果：您似乎已经签到过了...----------
INFO: 2025/10/15 14:25:51 logger.go:95: ----------IKuuu结束签到----------
INFO: 2025/10/15 14:25:51 logger.go:95: 签到完成: ikuuu
